<?xml version="1.0" encoding="UTF-8"?>
<testsuite name="com.example.crud.CrudApplicationTests" tests="1" skipped="0" failures="0" errors="0" timestamp="2023-05-26T10:03:21" hostname="DESKTOP-QQCIN9I" time="0.096">
  <properties/>
  <testcase name="contextLoads()" classname="com.example.crud.CrudApplicationTests" time="0.096"/>
  <system-out><![CDATA[19:03:15.642 [Test worker] DEBUG org.springframework.test.context.BootstrapUtils - Instantiating CacheAwareContextLoaderDelegate from class [org.springframework.test.context.cache.DefaultCacheAwareContextLoaderDelegate]
19:03:15.652 [Test worker] DEBUG org.springframework.test.context.BootstrapUtils - Instantiating BootstrapContext using constructor [public org.springframework.test.context.support.DefaultBootstrapContext(java.lang.Class,org.springframework.test.context.CacheAwareContextLoaderDelegate)]
19:03:15.680 [Test worker] DEBUG org.springframework.test.context.BootstrapUtils - Instantiating TestContextBootstrapper for test class [com.example.crud.CrudApplicationTests] from class [org.springframework.boot.test.context.SpringBootTestContextBootstrapper]
19:03:15.689 [Test worker] INFO org.springframework.boot.test.context.SpringBootTestContextBootstrapper - Neither @ContextConfiguration nor @ContextHierarchy found for test class [com.example.crud.CrudApplicationTests], using SpringBootContextLoader
19:03:15.693 [Test worker] DEBUG org.springframework.test.context.support.AbstractContextLoader - Did not detect default resource location for test class [com.example.crud.CrudApplicationTests]: class path resource [com/example/crud/CrudApplicationTests-context.xml] does not exist
19:03:15.694 [Test worker] DEBUG org.springframework.test.context.support.AbstractContextLoader - Did not detect default resource location for test class [com.example.crud.CrudApplicationTests]: class path resource [com/example/crud/CrudApplicationTestsContext.groovy] does not exist
19:03:15.694 [Test worker] INFO org.springframework.test.context.support.AbstractContextLoader - Could not detect default resource locations for test class [com.example.crud.CrudApplicationTests]: no resource found for suffixes {-context.xml, Context.groovy}.
19:03:15.694 [Test worker] INFO org.springframework.test.context.support.AnnotationConfigContextLoaderUtils - Could not detect default configuration classes for test class [com.example.crud.CrudApplicationTests]: CrudApplicationTests does not declare any static, non-private, non-final, nested classes annotated with @Configuration.
19:03:15.731 [Test worker] DEBUG org.springframework.test.context.support.ActiveProfilesUtils - Could not find an 'annotation declaring class' for annotation type [org.springframework.test.context.ActiveProfiles] and class [com.example.crud.CrudApplicationTests]
19:03:15.779 [Test worker] DEBUG org.springframework.context.annotation.ClassPathScanningCandidateComponentProvider - Identified candidate component class: file [D:\bs\study\spring-crud-example\build\classes\java\main\com\example\crud\CrudApplication.class]
19:03:15.780 [Test worker] INFO org.springframework.boot.test.context.SpringBootTestContextBootstrapper - Found @SpringBootConfiguration com.example.crud.CrudApplication for test class com.example.crud.CrudApplicationTests
19:03:15.872 [Test worker] DEBUG org.springframework.boot.test.context.SpringBootTestContextBootstrapper - @TestExecutionListeners is not present for class [com.example.crud.CrudApplicationTests]: using defaults.
19:03:15.872 [Test worker] INFO org.springframework.boot.test.context.SpringBootTestContextBootstrapper - Loaded default TestExecutionListener class names from location [META-INF/spring.factories]: [org.springframework.boot.test.autoconfigure.restdocs.RestDocsTestExecutionListener, org.springframework.boot.test.autoconfigure.web.client.MockRestServiceServerResetTestExecutionListener, org.springframework.boot.test.autoconfigure.web.servlet.MockMvcPrintOnlyOnFailureTestExecutionListener, org.springframework.boot.test.autoconfigure.web.servlet.WebDriverTestExecutionListener, org.springframework.boot.test.autoconfigure.webservices.client.MockWebServiceServerTestExecutionListener, org.springframework.boot.test.mock.mockito.MockitoTestExecutionListener, org.springframework.boot.test.mock.mockito.ResetMocksTestExecutionListener, org.springframework.test.context.web.ServletTestExecutionListener, org.springframework.test.context.support.DirtiesContextBeforeModesTestExecutionListener, org.springframework.test.context.event.ApplicationEventsTestExecutionListener, org.springframework.test.context.support.DependencyInjectionTestExecutionListener, org.springframework.test.context.support.DirtiesContextTestExecutionListener, org.springframework.test.context.transaction.TransactionalTestExecutionListener, org.springframework.test.context.jdbc.SqlScriptsTestExecutionListener, org.springframework.test.context.event.EventPublishingTestExecutionListener]
19:03:15.892 [Test worker] INFO org.springframework.boot.test.context.SpringBootTestContextBootstrapper - Using TestExecutionListeners: [org.springframework.test.context.web.ServletTestExecutionListener@619bd14c, org.springframework.test.context.support.DirtiesContextBeforeModesTestExecutionListener@323e8306, org.springframework.test.context.event.ApplicationEventsTestExecutionListener@a23a01d, org.springframework.boot.test.mock.mockito.MockitoTestExecutionListener@4acf72b6, org.springframework.boot.test.autoconfigure.SpringBootDependencyInjectionTestExecutionListener@7561db12, org.springframework.test.context.support.DirtiesContextTestExecutionListener@3301500b, org.springframework.test.context.transaction.TransactionalTestExecutionListener@24b52d3e, org.springframework.test.context.jdbc.SqlScriptsTestExecutionListener@15deb1dc, org.springframework.test.context.event.EventPublishingTestExecutionListener@6e9c413e, org.springframework.boot.test.autoconfigure.restdocs.RestDocsTestExecutionListener@57a4d5ee, org.springframework.boot.test.autoconfigure.web.client.MockRestServiceServerResetTestExecutionListener@5af5def9, org.springframework.boot.test.autoconfigure.web.servlet.MockMvcPrintOnlyOnFailureTestExecutionListener@3a45c42a, org.springframework.boot.test.autoconfigure.web.servlet.WebDriverTestExecutionListener@36dce7ed, org.springframework.boot.test.autoconfigure.webservices.client.MockWebServiceServerTestExecutionListener@47a64f7d, org.springframework.boot.test.mock.mockito.ResetMocksTestExecutionListener@33d05366]
19:03:15.895 [Test worker] DEBUG org.springframework.test.context.support.AbstractDirtiesContextTestExecutionListener - Before test class: context [DefaultTestContext@3ef41c66 testClass = CrudApplicationTests, testInstance = [null], testMethod = [null], testException = [null], mergedContextConfiguration = [WebMergedContextConfiguration@6b739528 testClass = CrudApplicationTests, locations = '{}', classes = '{class com.example.crud.CrudApplication}', contextInitializerClasses = '[]', activeProfiles = '{}', propertySourceLocations = '{}', propertySourceProperties = '{org.springframework.boot.test.context.SpringBootTestContextBootstrapper=true}', contextCustomizers = set[org.springframework.boot.test.autoconfigure.actuate.metrics.MetricsExportContextCustomizerFactory$DisableMetricExportContextCustomizer@a8e6492, org.springframework.boot.test.autoconfigure.properties.PropertyMappingContextCustomizer@0, org.springframework.boot.test.autoconfigure.web.servlet.WebDriverContextCustomizerFactory$Customizer@40499e4f, org.springframework.boot.test.context.filter.ExcludeFilterContextCustomizer@7a791b66, org.springframework.boot.test.json.DuplicateJsonObjectContextCustomizerFactory$DuplicateJsonObjectContextCustomizer@61884cb1, org.springframework.boot.test.mock.mockito.MockitoContextCustomizer@0, org.springframework.boot.test.web.client.TestRestTemplateContextCustomizer@6c6c5427, org.springframework.boot.test.context.SpringBootTestArgs@1, org.springframework.boot.test.context.SpringBootTestWebEnvironment@1b266842], resourceBasePath = 'src/main/webapp', contextLoader = 'org.springframework.boot.test.context.SpringBootContextLoader', parent = [null]], attributes = map['org.springframework.test.context.web.ServletTestExecutionListener.activateListener' -> true]], class annotated with @DirtiesContext [false] with mode [null].

  .   ____          _            __ _ _
 /\\ / ___'_ __ _ _(_)_ __  __ _ \ \ \ \
( ( )\___ | '_ | '_| | '_ \/ _` | \ \ \ \
 \\/  ___)| |_)| | | | | || (_| |  ) ) ) )
  '  |____| .__|_| |_|_| |_\__, | / / / /
 =========|_|==============|___/=/_/_/_/
 :: Spring Boot ::                (v2.7.4)

2023-05-26 19:03:16.203  INFO 16072 --- [    Test worker] com.example.crud.CrudApplicationTests    : Starting CrudApplicationTests using Java 11.0.13 on DESKTOP-QQCIN9I with PID 16072 (started by asdww in D:\bs\study\spring-crud-example)
2023-05-26 19:03:16.205  INFO 16072 --- [    Test worker] com.example.crud.CrudApplicationTests    : No active profile set, falling back to 1 default profile: "default"
2023-05-26 19:03:17.143  INFO 16072 --- [    Test worker] .s.d.r.c.RepositoryConfigurationDelegate : Bootstrapping Spring Data JPA repositories in DEFAULT mode.
2023-05-26 19:03:17.200  INFO 16072 --- [    Test worker] .s.d.r.c.RepositoryConfigurationDelegate : Finished Spring Data repository scanning in 49 ms. Found 3 JPA repository interfaces.
2023-05-26 19:03:17.769  INFO 16072 --- [    Test worker] o.hibernate.jpa.internal.util.LogHelper  : HHH000204: Processing PersistenceUnitInfo [name: default]
2023-05-26 19:03:17.819  INFO 16072 --- [    Test worker] org.hibernate.Version                    : HHH000412: Hibernate ORM core version 5.6.11.Final
2023-05-26 19:03:17.988  INFO 16072 --- [    Test worker] o.hibernate.annotations.common.Version   : HCANN000001: Hibernate Commons Annotations {5.1.2.Final}
2023-05-26 19:03:18.091  INFO 16072 --- [    Test worker] com.zaxxer.hikari.HikariDataSource       : HikariPool-1 - Starting...
2023-05-26 19:03:18.411  INFO 16072 --- [    Test worker] com.zaxxer.hikari.HikariDataSource       : HikariPool-1 - Start completed.
2023-05-26 19:03:18.437  INFO 16072 --- [    Test worker] org.hibernate.dialect.Dialect            : HHH000400: Using dialect: org.hibernate.dialect.MySQL8Dialect
2023-05-26 19:03:19.355  INFO 16072 --- [    Test worker] o.h.e.t.j.p.i.JtaPlatformInitiator       : HHH000490: Using JtaPlatform implementation: [org.hibernate.engine.transaction.jta.platform.internal.NoJtaPlatform]
2023-05-26 19:03:19.362  INFO 16072 --- [    Test worker] j.LocalContainerEntityManagerFactoryBean : Initialized JPA EntityManagerFactory for persistence unit 'default'
2023-05-26 19:03:19.958  WARN 16072 --- [    Test worker] JpaBaseConfiguration$JpaWebConfiguration : spring.jpa.open-in-view is enabled by default. Therefore, database queries may be performed during view rendering. Explicitly configure spring.jpa.open-in-view to disable this warning
2023-05-26 19:03:20.019  WARN 16072 --- [    Test worker] .s.s.UserDetailsServiceAutoConfiguration : 

Using generated security password: 272f0f97-d474-42ff-a293-79d3b7d072c7

This generated password is for development use only. Your security configuration must be updated before running your application in production.

2023-05-26 19:03:20.174  INFO 16072 --- [    Test worker] o.s.s.web.DefaultSecurityFilterChain     : Will secure any request with [org.springframework.security.web.session.DisableEncodeUrlFilter@5c59dfc7, org.springframework.security.web.context.request.async.WebAsyncManagerIntegrationFilter@40ed4674, org.springframework.security.web.context.SecurityContextPersistenceFilter@743b7025, org.springframework.security.web.header.HeaderWriterFilter@154208f2, org.springframework.web.filter.CorsFilter@2ef63b6d, org.springframework.security.web.authentication.logout.LogoutFilter@20e7152a, org.springframework.security.web.savedrequest.RequestCacheAwareFilter@78e34499, org.springframework.security.web.servletapi.SecurityContextHolderAwareRequestFilter@4411a0fe, org.springframework.security.web.authentication.AnonymousAuthenticationFilter@377cc0f8, org.springframework.security.web.session.SessionManagementFilter@7cc842b0, org.springframework.security.web.access.ExceptionTranslationFilter@406d922, org.springframework.security.web.access.intercept.FilterSecurityInterceptor@13976c57]
2023-05-26 19:03:21.119  INFO 16072 --- [    Test worker] com.example.crud.CrudApplicationTests    : Started CrudApplicationTests in 5.196 seconds (JVM running for 6.605)
]]></system-out>
  <system-err><![CDATA[]]></system-err>
</testsuite>
