<?xml version="1.0" encoding="UTF-8"?>
<testsuite name="com.example.crud.CrudApplicationTests" tests="1" skipped="0" failures="0" errors="0" timestamp="2023-05-29T05:12:03" hostname="DESKTOP-QQCIN9I" time="0.097">
  <properties/>
  <testcase name="contextLoads()" classname="com.example.crud.CrudApplicationTests" time="0.097"/>
  <system-out><![CDATA[14:11:58.256 [Test worker] DEBUG org.springframework.test.context.BootstrapUtils - Instantiating CacheAwareContextLoaderDelegate from class [org.springframework.test.context.cache.DefaultCacheAwareContextLoaderDelegate]
14:11:58.272 [Test worker] DEBUG org.springframework.test.context.BootstrapUtils - Instantiating BootstrapContext using constructor [public org.springframework.test.context.support.DefaultBootstrapContext(java.lang.Class,org.springframework.test.context.CacheAwareContextLoaderDelegate)]
14:11:58.307 [Test worker] DEBUG org.springframework.test.context.BootstrapUtils - Instantiating TestContextBootstrapper for test class [com.example.crud.CrudApplicationTests] from class [org.springframework.boot.test.context.SpringBootTestContextBootstrapper]
14:11:58.318 [Test worker] INFO org.springframework.boot.test.context.SpringBootTestContextBootstrapper - Neither @ContextConfiguration nor @ContextHierarchy found for test class [com.example.crud.CrudApplicationTests], using SpringBootContextLoader
14:11:58.321 [Test worker] DEBUG org.springframework.test.context.support.AbstractContextLoader - Did not detect default resource location for test class [com.example.crud.CrudApplicationTests]: class path resource [com/example/crud/CrudApplicationTests-context.xml] does not exist
14:11:58.322 [Test worker] DEBUG org.springframework.test.context.support.AbstractContextLoader - Did not detect default resource location for test class [com.example.crud.CrudApplicationTests]: class path resource [com/example/crud/CrudApplicationTestsContext.groovy] does not exist
14:11:58.323 [Test worker] INFO org.springframework.test.context.support.AbstractContextLoader - Could not detect default resource locations for test class [com.example.crud.CrudApplicationTests]: no resource found for suffixes {-context.xml, Context.groovy}.
14:11:58.323 [Test worker] INFO org.springframework.test.context.support.AnnotationConfigContextLoaderUtils - Could not detect default configuration classes for test class [com.example.crud.CrudApplicationTests]: CrudApplicationTests does not declare any static, non-private, non-final, nested classes annotated with @Configuration.
14:11:58.368 [Test worker] DEBUG org.springframework.test.context.support.ActiveProfilesUtils - Could not find an 'annotation declaring class' for annotation type [org.springframework.test.context.ActiveProfiles] and class [com.example.crud.CrudApplicationTests]
14:11:58.430 [Test worker] DEBUG org.springframework.context.annotation.ClassPathScanningCandidateComponentProvider - Identified candidate component class: file [D:\bs\study\spring-crud-example\build\classes\java\main\com\example\crud\CrudApplication.class]
14:11:58.433 [Test worker] INFO org.springframework.boot.test.context.SpringBootTestContextBootstrapper - Found @SpringBootConfiguration com.example.crud.CrudApplication for test class com.example.crud.CrudApplicationTests
14:11:58.558 [Test worker] DEBUG org.springframework.boot.test.context.SpringBootTestContextBootstrapper - @TestExecutionListeners is not present for class [com.example.crud.CrudApplicationTests]: using defaults.
14:11:58.559 [Test worker] INFO org.springframework.boot.test.context.SpringBootTestContextBootstrapper - Loaded default TestExecutionListener class names from location [META-INF/spring.factories]: [org.springframework.boot.test.autoconfigure.restdocs.RestDocsTestExecutionListener, org.springframework.boot.test.autoconfigure.web.client.MockRestServiceServerResetTestExecutionListener, org.springframework.boot.test.autoconfigure.web.servlet.MockMvcPrintOnlyOnFailureTestExecutionListener, org.springframework.boot.test.autoconfigure.web.servlet.WebDriverTestExecutionListener, org.springframework.boot.test.autoconfigure.webservices.client.MockWebServiceServerTestExecutionListener, org.springframework.boot.test.mock.mockito.MockitoTestExecutionListener, org.springframework.boot.test.mock.mockito.ResetMocksTestExecutionListener, org.springframework.test.context.web.ServletTestExecutionListener, org.springframework.test.context.support.DirtiesContextBeforeModesTestExecutionListener, org.springframework.test.context.event.ApplicationEventsTestExecutionListener, org.springframework.test.context.support.DependencyInjectionTestExecutionListener, org.springframework.test.context.support.DirtiesContextTestExecutionListener, org.springframework.test.context.transaction.TransactionalTestExecutionListener, org.springframework.test.context.jdbc.SqlScriptsTestExecutionListener, org.springframework.test.context.event.EventPublishingTestExecutionListener]
14:11:58.587 [Test worker] INFO org.springframework.boot.test.context.SpringBootTestContextBootstrapper - Using TestExecutionListeners: [org.springframework.test.context.web.ServletTestExecutionListener@619bd14c, org.springframework.test.context.support.DirtiesContextBeforeModesTestExecutionListener@323e8306, org.springframework.test.context.event.ApplicationEventsTestExecutionListener@a23a01d, org.springframework.boot.test.mock.mockito.MockitoTestExecutionListener@4acf72b6, org.springframework.boot.test.autoconfigure.SpringBootDependencyInjectionTestExecutionListener@7561db12, org.springframework.test.context.support.DirtiesContextTestExecutionListener@3301500b, org.springframework.test.context.transaction.TransactionalTestExecutionListener@24b52d3e, org.springframework.test.context.jdbc.SqlScriptsTestExecutionListener@15deb1dc, org.springframework.test.context.event.EventPublishingTestExecutionListener@6e9c413e, org.springframework.boot.test.autoconfigure.restdocs.RestDocsTestExecutionListener@57a4d5ee, org.springframework.boot.test.autoconfigure.web.client.MockRestServiceServerResetTestExecutionListener@5af5def9, org.springframework.boot.test.autoconfigure.web.servlet.MockMvcPrintOnlyOnFailureTestExecutionListener@3a45c42a, org.springframework.boot.test.autoconfigure.web.servlet.WebDriverTestExecutionListener@36dce7ed, org.springframework.boot.test.autoconfigure.webservices.client.MockWebServiceServerTestExecutionListener@47a64f7d, org.springframework.boot.test.mock.mockito.ResetMocksTestExecutionListener@33d05366]
14:11:58.591 [Test worker] DEBUG org.springframework.test.context.support.AbstractDirtiesContextTestExecutionListener - Before test class: context [DefaultTestContext@3ef41c66 testClass = CrudApplicationTests, testInstance = [null], testMethod = [null], testException = [null], mergedContextConfiguration = [WebMergedContextConfiguration@6b739528 testClass = CrudApplicationTests, locations = '{}', classes = '{class com.example.crud.CrudApplication}', contextInitializerClasses = '[]', activeProfiles = '{}', propertySourceLocations = '{}', propertySourceProperties = '{org.springframework.boot.test.context.SpringBootTestContextBootstrapper=true}', contextCustomizers = set[org.springframework.boot.test.autoconfigure.actuate.metrics.MetricsExportContextCustomizerFactory$DisableMetricExportContextCustomizer@a8e6492, org.springframework.boot.test.autoconfigure.properties.PropertyMappingContextCustomizer@0, org.springframework.boot.test.autoconfigure.web.servlet.WebDriverContextCustomizerFactory$Customizer@40499e4f, org.springframework.boot.test.context.filter.ExcludeFilterContextCustomizer@7a791b66, org.springframework.boot.test.json.DuplicateJsonObjectContextCustomizerFactory$DuplicateJsonObjectContextCustomizer@61884cb1, org.springframework.boot.test.mock.mockito.MockitoContextCustomizer@0, org.springframework.boot.test.web.client.TestRestTemplateContextCustomizer@6c6c5427, org.springframework.boot.test.context.SpringBootTestArgs@1, org.springframework.boot.test.context.SpringBootTestWebEnvironment@1b266842], resourceBasePath = 'src/main/webapp', contextLoader = 'org.springframework.boot.test.context.SpringBootContextLoader', parent = [null]], attributes = map['org.springframework.test.context.web.ServletTestExecutionListener.activateListener' -> true]], class annotated with @DirtiesContext [false] with mode [null].

  .   ____          _            __ _ _
 /\\ / ___'_ __ _ _(_)_ __  __ _ \ \ \ \
( ( )\___ | '_ | '_| | '_ \/ _` | \ \ \ \
 \\/  ___)| |_)| | | | | || (_| |  ) ) ) )
  '  |____| .__|_| |_|_| |_\__, | / / / /
 =========|_|==============|___/=/_/_/_/
 :: Spring Boot ::                (v2.7.4)

2023-05-29 14:11:58.908  INFO 2220 --- [    Test worker] com.example.crud.CrudApplicationTests    : Starting CrudApplicationTests using Java 11.0.13 on DESKTOP-QQCIN9I with PID 2220 (started by asdww in D:\bs\study\spring-crud-example)
2023-05-29 14:11:58.909  INFO 2220 --- [    Test worker] com.example.crud.CrudApplicationTests    : No active profile set, falling back to 1 default profile: "default"
2023-05-29 14:11:59.725  INFO 2220 --- [    Test worker] .s.d.r.c.RepositoryConfigurationDelegate : Bootstrapping Spring Data JPA repositories in DEFAULT mode.
2023-05-29 14:11:59.781  INFO 2220 --- [    Test worker] .s.d.r.c.RepositoryConfigurationDelegate : Finished Spring Data repository scanning in 48 ms. Found 3 JPA repository interfaces.
2023-05-29 14:12:00.288  INFO 2220 --- [    Test worker] com.zaxxer.hikari.HikariDataSource       : HikariPool-1 - Starting...
2023-05-29 14:12:00.712  INFO 2220 --- [    Test worker] com.zaxxer.hikari.HikariDataSource       : HikariPool-1 - Start completed.
2023-05-29 14:12:00.774  INFO 2220 --- [    Test worker] o.hibernate.jpa.internal.util.LogHelper  : HHH000204: Processing PersistenceUnitInfo [name: default]
2023-05-29 14:12:00.832  INFO 2220 --- [    Test worker] org.hibernate.Version                    : HHH000412: Hibernate ORM core version 5.6.11.Final
2023-05-29 14:12:01.083  INFO 2220 --- [    Test worker] o.hibernate.annotations.common.Version   : HCANN000001: Hibernate Commons Annotations {5.1.2.Final}
2023-05-29 14:12:01.188  INFO 2220 --- [    Test worker] org.hibernate.dialect.Dialect            : HHH000400: Using dialect: org.hibernate.dialect.MySQL57Dialect
2023-05-29 14:12:01.736  INFO 2220 --- [    Test worker] o.h.e.t.j.p.i.JtaPlatformInitiator       : HHH000490: Using JtaPlatform implementation: [org.hibernate.engine.transaction.jta.platform.internal.NoJtaPlatform]
2023-05-29 14:12:01.745  INFO 2220 --- [    Test worker] j.LocalContainerEntityManagerFactoryBean : Initialized JPA EntityManagerFactory for persistence unit 'default'
2023-05-29 14:12:02.346  WARN 2220 --- [    Test worker] JpaBaseConfiguration$JpaWebConfiguration : spring.jpa.open-in-view is enabled by default. Therefore, database queries may be performed during view rendering. Explicitly configure spring.jpa.open-in-view to disable this warning
2023-05-29 14:12:02.408  WARN 2220 --- [    Test worker] .s.s.UserDetailsServiceAutoConfiguration : 

Using generated security password: 7456fc9e-8c61-4163-af44-3a9cf9c68099

This generated password is for development use only. Your security configuration must be updated before running your application in production.

2023-05-29 14:12:02.576  INFO 2220 --- [    Test worker] o.s.s.web.DefaultSecurityFilterChain     : Will secure any request with [org.springframework.security.web.session.DisableEncodeUrlFilter@1de6689c, org.springframework.security.web.context.request.async.WebAsyncManagerIntegrationFilter@3d8512e9, org.springframework.security.web.context.SecurityContextPersistenceFilter@7daf167, org.springframework.security.web.header.HeaderWriterFilter@5b11d0d8, org.springframework.web.filter.CorsFilter@46f597f1, org.springframework.security.web.authentication.logout.LogoutFilter@1e65c4d, org.springframework.security.web.savedrequest.RequestCacheAwareFilter@34893693, org.springframework.security.web.servletapi.SecurityContextHolderAwareRequestFilter@58fadccb, org.springframework.security.web.authentication.AnonymousAuthenticationFilter@2a045e85, org.springframework.security.web.session.SessionManagementFilter@19b33b0d, org.springframework.security.web.access.ExceptionTranslationFilter@5bbb0a25, org.springframework.security.web.access.intercept.FilterSecurityInterceptor@4509414e]
2023-05-29 14:12:03.481  INFO 2220 --- [    Test worker] com.example.crud.CrudApplicationTests    : Started CrudApplicationTests in 4.859 seconds (JVM running for 6.339)
]]></system-out>
  <system-err><![CDATA[]]></system-err>
</testsuite>
